Pig Stack Trace
---------------
ERROR 1000: Error during parsing. Encountered " <QUOTEDSTRING> "\'python file path\' "" at line 1, column 10.
Was expecting one of:
    "cat" ...
    "clear" ...
    "cd" ...
    "cp" ...
    "copyFromLocal" ...
    "copyToLocal" ...
    "dump" ...
    "\\d" ...
    "describe" ...
    "\\de" ...
    "aliases" ...
    "explain" ...
    "\\e" ...
    "help" ...
    "history" ...
    "kill" ...
    "ls" ...
    "mv" ...
    "mkdir" ...
    "pwd" ...
    "quit" ...
    "\\q" ...
    "register" ...
    "using" ...
    "as" ...
    "rm" ...
    "set" ...
    "illustrate" ...
    "\\i" ...
    "run" ...
    "exec" ...
    "scriptDone" ...
    <IDENTIFIER> ...
    <PATH> ...
    

org.apache.pig.tools.pigscript.parser.ParseException: Encountered " <QUOTEDSTRING> "\'python file path\' "" at line 1, column 10.
Was expecting one of:
    "cat" ...
    "clear" ...
    "cd" ...
    "cp" ...
    "copyFromLocal" ...
    "copyToLocal" ...
    "dump" ...
    "\\d" ...
    "describe" ...
    "\\de" ...
    "aliases" ...
    "explain" ...
    "\\e" ...
    "help" ...
    "history" ...
    "kill" ...
    "ls" ...
    "mv" ...
    "mkdir" ...
    "pwd" ...
    "quit" ...
    "\\q" ...
    "register" ...
    "using" ...
    "as" ...
    "rm" ...
    "set" ...
    "illustrate" ...
    "\\i" ...
    "run" ...
    "exec" ...
    "scriptDone" ...
    <IDENTIFIER> ...
    <PATH> ...
    
	at org.apache.pig.tools.pigscript.parser.PigScriptParser.generateParseException(PigScriptParser.java:1428)
	at org.apache.pig.tools.pigscript.parser.PigScriptParser.jj_consume_token(PigScriptParser.java:1354)
	at org.apache.pig.tools.pigscript.parser.PigScriptParser.GetPath(PigScriptParser.java:1062)
	at org.apache.pig.tools.pigscript.parser.PigScriptParser.parse(PigScriptParser.java:525)
	at org.apache.pig.tools.grunt.GruntParser.parseStopOnError(GruntParser.java:198)
	at org.apache.pig.tools.grunt.GruntParser.parseStopOnError(GruntParser.java:173)
	at org.apache.pig.tools.grunt.Grunt.exec(Grunt.java:84)
	at org.apache.pig.Main.run(Main.java:613)
	at org.apache.pig.Main.main(Main.java:158)
	at sun.reflect.NativeMethodAccessorImpl.invoke0(Native Method)
	at sun.reflect.NativeMethodAccessorImpl.invoke(NativeMethodAccessorImpl.java:62)
	at sun.reflect.DelegatingMethodAccessorImpl.invoke(DelegatingMethodAccessorImpl.java:43)
	at java.lang.reflect.Method.invoke(Method.java:498)
	at org.apache.hadoop.util.RunJar.run(RunJar.java:226)
	at org.apache.hadoop.util.RunJar.main(RunJar.java:141)
================================================================================
